<?xml version="1.0" encoding="UTF-8" ?>
<testsuites>
  <testsuite errors="0" failures="1" hostname="Andys-MacBook-Pro.local" id="0" name="SongTests" package="com.gtunes" tests="1" time="0.565" timestamp="2013-01-03T20:57:58">
      <properties />

      <testcase classname="com.gtunes.SongTests" name="testSomething" time="0.461">
          <failure message="junit.framework.AssertionFailedError: Implement me" type="junit.framework.AssertionFailedError">junit.framework.AssertionFailedError: junit.framework.AssertionFailedError: Implement me
	at com.gtunes.SongTests.testSomething(SongTests.groovy:15)
</failure>

      </testcase>

      <system-out><![CDATA[--Output from testSomething--
]]></system-out>

      <system-err><![CDATA[--Output from testSomething--
]]></system-err>

  </testsuite>
  <testsuite errors="0" failures="1" hostname="Andys-MacBook-Pro.local" id="1" name="StoreTests" package="com.gtunes" tests="1" time="0.362" timestamp="2013-01-03T20:57:59">
      <properties />

      <testcase classname="com.gtunes.StoreTests" name="testSomething" time="0.076">
          <failure message="junit.framework.AssertionFailedError: Implement me" type="junit.framework.AssertionFailedError">junit.framework.AssertionFailedError: junit.framework.AssertionFailedError: Implement me
	at com.gtunes.StoreTests.testSomething(StoreTests.groovy:15)
</failure>

      </testcase>

      <system-out><![CDATA[--Output from testSomething--
]]></system-out>

      <system-err><![CDATA[--Output from testSomething--
]]></system-err>

  </testsuite>
  <testsuite errors="0" failures="0" hostname="Andys-MacBook-Pro.local" id="2" name="StoreControllerTests" package="gtunes" tests="1" time="0.806" timestamp="2013-01-03T20:57:59">
      <properties />

      <testcase classname="gtunes.StoreControllerTests" name="testSomething" time="0.802" />

      <system-out><![CDATA[--Output from testSomething--
]]></system-out>

      <system-err><![CDATA[--Output from testSomething--
]]></system-err>

  </testsuite>
</testsuites>
